{"message":"the trait bound `diesel::sql_types::Nullable<Date>: diesel::Expression` is not satisfied","code":{"code":"E0277","explanation":"You tried to use a type which doesn't implement some trait in a place which\nexpected that trait.\n\nErroneous code example:\n\n```compile_fail,E0277\n// here we declare the Foo trait with a bar method\ntrait Foo {\n    fn bar(&self);\n}\n\n// we now declare a function which takes an object implementing the Foo trait\nfn some_func<T: Foo>(foo: T) {\n    foo.bar();\n}\n\nfn main() {\n    // we now call the method with the i32 type, which doesn't implement\n    // the Foo trait\n    some_func(5i32); // error: the trait bound `i32 : Foo` is not satisfied\n}\n```\n\nIn order to fix this error, verify that the type you're using does implement\nthe trait. Example:\n\n```\ntrait Foo {\n    fn bar(&self);\n}\n\n// we implement the trait on the i32 type\nimpl Foo for i32 {\n    fn bar(&self) {}\n}\n\nfn some_func<T: Foo>(foo: T) {\n    foo.bar(); // we can now use this method since i32 implements the\n               // Foo trait\n}\n\nfn main() {\n    some_func(5i32); // ok!\n}\n```\n\nOr in a generic context, an erroneous code example would look like:\n\n```compile_fail,E0277\nfn some_func<T>(foo: T) {\n    println!(\"{:?}\", foo); // error: the trait `core::fmt::Debug` is not\n                           //        implemented for the type `T`\n}\n\nfn main() {\n    // We now call the method with the i32 type,\n    // which *does* implement the Debug trait.\n    some_func(5i32);\n}\n```\n\nNote that the error here is in the definition of the generic function. Although\nwe only call it with a parameter that does implement `Debug`, the compiler\nstill rejects the function. It must work with all possible input types. In\norder to make this example compile, we need to restrict the generic type we're\naccepting:\n\n```\nuse std::fmt;\n\n// Restrict the input type to types that implement Debug.\nfn some_func<T: fmt::Debug>(foo: T) {\n    println!(\"{:?}\", foo);\n}\n\nfn main() {\n    // Calling the method is still fine, as i32 implements Debug.\n    some_func(5i32);\n\n    // This would fail to compile now:\n    // struct WithoutDebug;\n    // some_func(WithoutDebug);\n}\n```\n\nRust only looks at the signature of the called function, as such it must\nalready specify all requirements that will be used for every type parameter.\n"},"level":"error","spans":[{"file_name":"src/bin/show_activities.rs","byte_start":408,"byte_end":434,"line_start":17,"line_end":17,"column_start":43,"column_end":69,"is_primary":true,"text":[{"text":"    let results = activities.filter(dy.eq(&args[0] as Nullable<Date>))","highlight_start":43,"highlight_end":69}],"label":"the trait `diesel::Expression` is not implemented for `diesel::sql_types::Nullable<Date>`","suggested_replacement":null,"suggestion_applicability":null,"expansion":null}],"children":[{"message":"required because of the requirements on the impl of `AsExpression<diesel::sql_types::Nullable<Date>>` for `diesel::sql_types::Nullable<Date>`","code":null,"level":"note","spans":[],"children":[],"rendered":null}],"rendered":"\u001b[0m\u001b[1m\u001b[38;5;9merror[E0277]\u001b[0m\u001b[0m\u001b[1m: the trait bound `diesel::sql_types::Nullable<Date>: diesel::Expression` is not satisfied\u001b[0m\n\u001b[0m  \u001b[0m\u001b[0m\u001b[1m\u001b[38;5;12m--> \u001b[0m\u001b[0msrc/bin/show_activities.rs:17:43\u001b[0m\n\u001b[0m   \u001b[0m\u001b[0m\u001b[1m\u001b[38;5;12m|\u001b[0m\n\u001b[0m\u001b[1m\u001b[38;5;12m17\u001b[0m\u001b[0m \u001b[0m\u001b[0m\u001b[1m\u001b[38;5;12m| \u001b[0m\u001b[0m    let results = activities.filter(dy.eq(&args[0] as Nullable<Date>))\u001b[0m\n\u001b[0m   \u001b[0m\u001b[0m\u001b[1m\u001b[38;5;12m| \u001b[0m\u001b[0m                                          \u001b[0m\u001b[0m\u001b[1m\u001b[38;5;9m^^^^^^^^^^^^^^^^^^^^^^^^^^\u001b[0m\u001b[0m \u001b[0m\u001b[0m\u001b[1m\u001b[38;5;9mthe trait `diesel::Expression` is not implemented for `diesel::sql_types::Nullable<Date>`\u001b[0m\n\u001b[0m   \u001b[0m\u001b[0m\u001b[1m\u001b[38;5;12m|\u001b[0m\n\u001b[0m   \u001b[0m\u001b[0m\u001b[1m\u001b[38;5;12m= \u001b[0m\u001b[0m\u001b[1mnote\u001b[0m\u001b[0m: required because of the requirements on the impl of `AsExpression<diesel::sql_types::Nullable<Date>>` for `diesel::sql_types::Nullable<Date>`\u001b[0m\n\n"}
{"message":"the trait bound `diesel::sql_types::Nullable<Date>: diesel::Expression` is not satisfied","code":{"code":"E0277","explanation":"You tried to use a type which doesn't implement some trait in a place which\nexpected that trait.\n\nErroneous code example:\n\n```compile_fail,E0277\n// here we declare the Foo trait with a bar method\ntrait Foo {\n    fn bar(&self);\n}\n\n// we now declare a function which takes an object implementing the Foo trait\nfn some_func<T: Foo>(foo: T) {\n    foo.bar();\n}\n\nfn main() {\n    // we now call the method with the i32 type, which doesn't implement\n    // the Foo trait\n    some_func(5i32); // error: the trait bound `i32 : Foo` is not satisfied\n}\n```\n\nIn order to fix this error, verify that the type you're using does implement\nthe trait. Example:\n\n```\ntrait Foo {\n    fn bar(&self);\n}\n\n// we implement the trait on the i32 type\nimpl Foo for i32 {\n    fn bar(&self) {}\n}\n\nfn some_func<T: Foo>(foo: T) {\n    foo.bar(); // we can now use this method since i32 implements the\n               // Foo trait\n}\n\nfn main() {\n    some_func(5i32); // ok!\n}\n```\n\nOr in a generic context, an erroneous code example would look like:\n\n```compile_fail,E0277\nfn some_func<T>(foo: T) {\n    println!(\"{:?}\", foo); // error: the trait `core::fmt::Debug` is not\n                           //        implemented for the type `T`\n}\n\nfn main() {\n    // We now call the method with the i32 type,\n    // which *does* implement the Debug trait.\n    some_func(5i32);\n}\n```\n\nNote that the error here is in the definition of the generic function. Although\nwe only call it with a parameter that does implement `Debug`, the compiler\nstill rejects the function. It must work with all possible input types. In\norder to make this example compile, we need to restrict the generic type we're\naccepting:\n\n```\nuse std::fmt;\n\n// Restrict the input type to types that implement Debug.\nfn some_func<T: fmt::Debug>(foo: T) {\n    println!(\"{:?}\", foo);\n}\n\nfn main() {\n    // Calling the method is still fine, as i32 implements Debug.\n    some_func(5i32);\n\n    // This would fail to compile now:\n    // struct WithoutDebug;\n    // some_func(WithoutDebug);\n}\n```\n\nRust only looks at the signature of the called function, as such it must\nalready specify all requirements that will be used for every type parameter.\n"},"level":"error","spans":[{"file_name":"src/bin/show_activities.rs","byte_start":402,"byte_end":435,"line_start":17,"line_end":17,"column_start":37,"column_end":70,"is_primary":true,"text":[{"text":"    let results = activities.filter(dy.eq(&args[0] as Nullable<Date>))","highlight_start":37,"highlight_end":70}],"label":"the trait `diesel::Expression` is not implemented for `diesel::sql_types::Nullable<Date>`","suggested_replacement":null,"suggestion_applicability":null,"expansion":null}],"children":[{"message":"required because of the requirements on the impl of `diesel::Expression` for `diesel::expression::operators::Eq<diesel_events::schema::activities::dy, diesel::sql_types::Nullable<Date>>`","code":null,"level":"note","spans":[],"children":[],"rendered":null},{"message":"required because of the requirements on the impl of `FilterDsl<diesel::expression::operators::Eq<diesel_events::schema::activities::dy, diesel::sql_types::Nullable<Date>>>` for `SelectStatement<table>`","code":null,"level":"note","spans":[],"children":[],"rendered":null}],"rendered":"\u001b[0m\u001b[1m\u001b[38;5;9merror[E0277]\u001b[0m\u001b[0m\u001b[1m: the trait bound `diesel::sql_types::Nullable<Date>: diesel::Expression` is not satisfied\u001b[0m\n\u001b[0m  \u001b[0m\u001b[0m\u001b[1m\u001b[38;5;12m--> \u001b[0m\u001b[0msrc/bin/show_activities.rs:17:37\u001b[0m\n\u001b[0m   \u001b[0m\u001b[0m\u001b[1m\u001b[38;5;12m|\u001b[0m\n\u001b[0m\u001b[1m\u001b[38;5;12m17\u001b[0m\u001b[0m \u001b[0m\u001b[0m\u001b[1m\u001b[38;5;12m| \u001b[0m\u001b[0m    let results = activities.filter(dy.eq(&args[0] as Nullable<Date>))\u001b[0m\n\u001b[0m   \u001b[0m\u001b[0m\u001b[1m\u001b[38;5;12m| \u001b[0m\u001b[0m                                    \u001b[0m\u001b[0m\u001b[1m\u001b[38;5;9m^^^^^^^^^^^^^^^^^^^^^^^^^^^^^^^^^\u001b[0m\u001b[0m \u001b[0m\u001b[0m\u001b[1m\u001b[38;5;9mthe trait `diesel::Expression` is not implemented for `diesel::sql_types::Nullable<Date>`\u001b[0m\n\u001b[0m   \u001b[0m\u001b[0m\u001b[1m\u001b[38;5;12m|\u001b[0m\n\u001b[0m   \u001b[0m\u001b[0m\u001b[1m\u001b[38;5;12m= \u001b[0m\u001b[0m\u001b[1mnote\u001b[0m\u001b[0m: required because of the requirements on the impl of `diesel::Expression` for `diesel::expression::operators::Eq<diesel_events::schema::activities::dy, diesel::sql_types::Nullable<Date>>`\u001b[0m\n\u001b[0m   \u001b[0m\u001b[0m\u001b[1m\u001b[38;5;12m= \u001b[0m\u001b[0m\u001b[1mnote\u001b[0m\u001b[0m: required because of the requirements on the impl of `FilterDsl<diesel::expression::operators::Eq<diesel_events::schema::activities::dy, diesel::sql_types::Nullable<Date>>>` for `SelectStatement<table>`\u001b[0m\n\n"}
{"message":"the trait bound `diesel::sql_types::Nullable<Date>: NonAggregate` is not satisfied","code":{"code":"E0277","explanation":"You tried to use a type which doesn't implement some trait in a place which\nexpected that trait.\n\nErroneous code example:\n\n```compile_fail,E0277\n// here we declare the Foo trait with a bar method\ntrait Foo {\n    fn bar(&self);\n}\n\n// we now declare a function which takes an object implementing the Foo trait\nfn some_func<T: Foo>(foo: T) {\n    foo.bar();\n}\n\nfn main() {\n    // we now call the method with the i32 type, which doesn't implement\n    // the Foo trait\n    some_func(5i32); // error: the trait bound `i32 : Foo` is not satisfied\n}\n```\n\nIn order to fix this error, verify that the type you're using does implement\nthe trait. Example:\n\n```\ntrait Foo {\n    fn bar(&self);\n}\n\n// we implement the trait on the i32 type\nimpl Foo for i32 {\n    fn bar(&self) {}\n}\n\nfn some_func<T: Foo>(foo: T) {\n    foo.bar(); // we can now use this method since i32 implements the\n               // Foo trait\n}\n\nfn main() {\n    some_func(5i32); // ok!\n}\n```\n\nOr in a generic context, an erroneous code example would look like:\n\n```compile_fail,E0277\nfn some_func<T>(foo: T) {\n    println!(\"{:?}\", foo); // error: the trait `core::fmt::Debug` is not\n                           //        implemented for the type `T`\n}\n\nfn main() {\n    // We now call the method with the i32 type,\n    // which *does* implement the Debug trait.\n    some_func(5i32);\n}\n```\n\nNote that the error here is in the definition of the generic function. Although\nwe only call it with a parameter that does implement `Debug`, the compiler\nstill rejects the function. It must work with all possible input types. In\norder to make this example compile, we need to restrict the generic type we're\naccepting:\n\n```\nuse std::fmt;\n\n// Restrict the input type to types that implement Debug.\nfn some_func<T: fmt::Debug>(foo: T) {\n    println!(\"{:?}\", foo);\n}\n\nfn main() {\n    // Calling the method is still fine, as i32 implements Debug.\n    some_func(5i32);\n\n    // This would fail to compile now:\n    // struct WithoutDebug;\n    // some_func(WithoutDebug);\n}\n```\n\nRust only looks at the signature of the called function, as such it must\nalready specify all requirements that will be used for every type parameter.\n"},"level":"error","spans":[{"file_name":"src/bin/show_activities.rs","byte_start":402,"byte_end":435,"line_start":17,"line_end":17,"column_start":37,"column_end":70,"is_primary":true,"text":[{"text":"    let results = activities.filter(dy.eq(&args[0] as Nullable<Date>))","highlight_start":37,"highlight_end":70}],"label":"the trait `NonAggregate` is not implemented for `diesel::sql_types::Nullable<Date>`","suggested_replacement":null,"suggestion_applicability":null,"expansion":null}],"children":[{"message":"required because of the requirements on the impl of `NonAggregate` for `diesel::expression::operators::Eq<diesel_events::schema::activities::dy, diesel::sql_types::Nullable<Date>>`","code":null,"level":"note","spans":[],"children":[],"rendered":null},{"message":"required because of the requirements on the impl of `FilterDsl<diesel::expression::operators::Eq<diesel_events::schema::activities::dy, diesel::sql_types::Nullable<Date>>>` for `SelectStatement<table>`","code":null,"level":"note","spans":[],"children":[],"rendered":null}],"rendered":"\u001b[0m\u001b[1m\u001b[38;5;9merror[E0277]\u001b[0m\u001b[0m\u001b[1m: the trait bound `diesel::sql_types::Nullable<Date>: NonAggregate` is not satisfied\u001b[0m\n\u001b[0m  \u001b[0m\u001b[0m\u001b[1m\u001b[38;5;12m--> \u001b[0m\u001b[0msrc/bin/show_activities.rs:17:37\u001b[0m\n\u001b[0m   \u001b[0m\u001b[0m\u001b[1m\u001b[38;5;12m|\u001b[0m\n\u001b[0m\u001b[1m\u001b[38;5;12m17\u001b[0m\u001b[0m \u001b[0m\u001b[0m\u001b[1m\u001b[38;5;12m| \u001b[0m\u001b[0m    let results = activities.filter(dy.eq(&args[0] as Nullable<Date>))\u001b[0m\n\u001b[0m   \u001b[0m\u001b[0m\u001b[1m\u001b[38;5;12m| \u001b[0m\u001b[0m                                    \u001b[0m\u001b[0m\u001b[1m\u001b[38;5;9m^^^^^^^^^^^^^^^^^^^^^^^^^^^^^^^^^\u001b[0m\u001b[0m \u001b[0m\u001b[0m\u001b[1m\u001b[38;5;9mthe trait `NonAggregate` is not implemented for `diesel::sql_types::Nullable<Date>`\u001b[0m\n\u001b[0m   \u001b[0m\u001b[0m\u001b[1m\u001b[38;5;12m|\u001b[0m\n\u001b[0m   \u001b[0m\u001b[0m\u001b[1m\u001b[38;5;12m= \u001b[0m\u001b[0m\u001b[1mnote\u001b[0m\u001b[0m: required because of the requirements on the impl of `NonAggregate` for `diesel::expression::operators::Eq<diesel_events::schema::activities::dy, diesel::sql_types::Nullable<Date>>`\u001b[0m\n\u001b[0m   \u001b[0m\u001b[0m\u001b[1m\u001b[38;5;12m= \u001b[0m\u001b[0m\u001b[1mnote\u001b[0m\u001b[0m: required because of the requirements on the impl of `FilterDsl<diesel::expression::operators::Eq<diesel_events::schema::activities::dy, diesel::sql_types::Nullable<Date>>>` for `SelectStatement<table>`\u001b[0m\n\n"}
{"message":"the trait bound `diesel::sql_types::Nullable<Date>: AppearsOnTable<table>` is not satisfied","code":{"code":"E0277","explanation":"You tried to use a type which doesn't implement some trait in a place which\nexpected that trait.\n\nErroneous code example:\n\n```compile_fail,E0277\n// here we declare the Foo trait with a bar method\ntrait Foo {\n    fn bar(&self);\n}\n\n// we now declare a function which takes an object implementing the Foo trait\nfn some_func<T: Foo>(foo: T) {\n    foo.bar();\n}\n\nfn main() {\n    // we now call the method with the i32 type, which doesn't implement\n    // the Foo trait\n    some_func(5i32); // error: the trait bound `i32 : Foo` is not satisfied\n}\n```\n\nIn order to fix this error, verify that the type you're using does implement\nthe trait. Example:\n\n```\ntrait Foo {\n    fn bar(&self);\n}\n\n// we implement the trait on the i32 type\nimpl Foo for i32 {\n    fn bar(&self) {}\n}\n\nfn some_func<T: Foo>(foo: T) {\n    foo.bar(); // we can now use this method since i32 implements the\n               // Foo trait\n}\n\nfn main() {\n    some_func(5i32); // ok!\n}\n```\n\nOr in a generic context, an erroneous code example would look like:\n\n```compile_fail,E0277\nfn some_func<T>(foo: T) {\n    println!(\"{:?}\", foo); // error: the trait `core::fmt::Debug` is not\n                           //        implemented for the type `T`\n}\n\nfn main() {\n    // We now call the method with the i32 type,\n    // which *does* implement the Debug trait.\n    some_func(5i32);\n}\n```\n\nNote that the error here is in the definition of the generic function. Although\nwe only call it with a parameter that does implement `Debug`, the compiler\nstill rejects the function. It must work with all possible input types. In\norder to make this example compile, we need to restrict the generic type we're\naccepting:\n\n```\nuse std::fmt;\n\n// Restrict the input type to types that implement Debug.\nfn some_func<T: fmt::Debug>(foo: T) {\n    println!(\"{:?}\", foo);\n}\n\nfn main() {\n    // Calling the method is still fine, as i32 implements Debug.\n    some_func(5i32);\n\n    // This would fail to compile now:\n    // struct WithoutDebug;\n    // some_func(WithoutDebug);\n}\n```\n\nRust only looks at the signature of the called function, as such it must\nalready specify all requirements that will be used for every type parameter.\n"},"level":"error","spans":[{"file_name":"src/bin/show_activities.rs","byte_start":446,"byte_end":450,"line_start":18,"line_end":18,"column_start":10,"column_end":14,"is_primary":true,"text":[{"text":"        .load::<Activity>(&connection)","highlight_start":10,"highlight_end":14}],"label":"the trait `AppearsOnTable<table>` is not implemented for `diesel::sql_types::Nullable<Date>`","suggested_replacement":null,"suggestion_applicability":null,"expansion":null}],"children":[{"message":"required because of the requirements on the impl of `AppearsOnTable<table>` for `diesel::expression::operators::Eq<diesel_events::schema::activities::dy, diesel::sql_types::Nullable<Date>>`","code":null,"level":"note","spans":[],"children":[],"rendered":null},{"message":"required because of the requirements on the impl of `query_builder::where_clause::ValidWhereClause<table>` for `query_builder::where_clause::WhereClause<diesel::expression::operators::Eq<diesel_events::schema::activities::dy, diesel::sql_types::Nullable<Date>>>`","code":null,"level":"note","spans":[],"children":[],"rendered":null},{"message":"required because of the requirements on the impl of `Query` for `SelectStatement<table, query_builder::select_clause::DefaultSelectClause, query_builder::distinct_clause::NoDistinctClause, query_builder::where_clause::WhereClause<diesel::expression::operators::Eq<diesel_events::schema::activities::dy, diesel::sql_types::Nullable<Date>>>>`","code":null,"level":"note","spans":[],"children":[],"rendered":null},{"message":"required because of the requirements on the impl of `LoadQuery<_, diesel_events::models::Activity>` for `SelectStatement<table, query_builder::select_clause::DefaultSelectClause, query_builder::distinct_clause::NoDistinctClause, query_builder::where_clause::WhereClause<diesel::expression::operators::Eq<diesel_events::schema::activities::dy, diesel::sql_types::Nullable<Date>>>>`","code":null,"level":"note","spans":[],"children":[],"rendered":null}],"rendered":"\u001b[0m\u001b[1m\u001b[38;5;9merror[E0277]\u001b[0m\u001b[0m\u001b[1m: the trait bound `diesel::sql_types::Nullable<Date>: AppearsOnTable<table>` is not satisfied\u001b[0m\n\u001b[0m  \u001b[0m\u001b[0m\u001b[1m\u001b[38;5;12m--> \u001b[0m\u001b[0msrc/bin/show_activities.rs:18:10\u001b[0m\n\u001b[0m   \u001b[0m\u001b[0m\u001b[1m\u001b[38;5;12m|\u001b[0m\n\u001b[0m\u001b[1m\u001b[38;5;12m18\u001b[0m\u001b[0m \u001b[0m\u001b[0m\u001b[1m\u001b[38;5;12m| \u001b[0m\u001b[0m        .load::<Activity>(&connection)\u001b[0m\n\u001b[0m   \u001b[0m\u001b[0m\u001b[1m\u001b[38;5;12m| \u001b[0m\u001b[0m         \u001b[0m\u001b[0m\u001b[1m\u001b[38;5;9m^^^^\u001b[0m\u001b[0m \u001b[0m\u001b[0m\u001b[1m\u001b[38;5;9mthe trait `AppearsOnTable<table>` is not implemented for `diesel::sql_types::Nullable<Date>`\u001b[0m\n\u001b[0m   \u001b[0m\u001b[0m\u001b[1m\u001b[38;5;12m|\u001b[0m\n\u001b[0m   \u001b[0m\u001b[0m\u001b[1m\u001b[38;5;12m= \u001b[0m\u001b[0m\u001b[1mnote\u001b[0m\u001b[0m: required because of the requirements on the impl of `AppearsOnTable<table>` for `diesel::expression::operators::Eq<diesel_events::schema::activities::dy, diesel::sql_types::Nullable<Date>>`\u001b[0m\n\u001b[0m   \u001b[0m\u001b[0m\u001b[1m\u001b[38;5;12m= \u001b[0m\u001b[0m\u001b[1mnote\u001b[0m\u001b[0m: required because of the requirements on the impl of `query_builder::where_clause::ValidWhereClause<table>` for `query_builder::where_clause::WhereClause<diesel::expression::operators::Eq<diesel_events::schema::activities::dy, diesel::sql_types::Nullable<Date>>>`\u001b[0m\n\u001b[0m   \u001b[0m\u001b[0m\u001b[1m\u001b[38;5;12m= \u001b[0m\u001b[0m\u001b[1mnote\u001b[0m\u001b[0m: required because of the requirements on the impl of `Query` for `SelectStatement<table, query_builder::select_clause::DefaultSelectClause, query_builder::distinct_clause::NoDistinctClause, query_builder::where_clause::WhereClause<diesel::expression::operators::Eq<diesel_events::schema::activities::dy, diesel::sql_types::Nullable<Date>>>>`\u001b[0m\n\u001b[0m   \u001b[0m\u001b[0m\u001b[1m\u001b[38;5;12m= \u001b[0m\u001b[0m\u001b[1mnote\u001b[0m\u001b[0m: required because of the requirements on the impl of `LoadQuery<_, diesel_events::models::Activity>` for `SelectStatement<table, query_builder::select_clause::DefaultSelectClause, query_builder::distinct_clause::NoDistinctClause, query_builder::where_clause::WhereClause<diesel::expression::operators::Eq<diesel_events::schema::activities::dy, diesel::sql_types::Nullable<Date>>>>`\u001b[0m\n\n"}
{"message":"the trait bound `diesel::sql_types::Nullable<Date>: Queryable<diesel::sql_types::Nullable<Date>, _>` is not satisfied","code":{"code":"E0277","explanation":"You tried to use a type which doesn't implement some trait in a place which\nexpected that trait.\n\nErroneous code example:\n\n```compile_fail,E0277\n// here we declare the Foo trait with a bar method\ntrait Foo {\n    fn bar(&self);\n}\n\n// we now declare a function which takes an object implementing the Foo trait\nfn some_func<T: Foo>(foo: T) {\n    foo.bar();\n}\n\nfn main() {\n    // we now call the method with the i32 type, which doesn't implement\n    // the Foo trait\n    some_func(5i32); // error: the trait bound `i32 : Foo` is not satisfied\n}\n```\n\nIn order to fix this error, verify that the type you're using does implement\nthe trait. Example:\n\n```\ntrait Foo {\n    fn bar(&self);\n}\n\n// we implement the trait on the i32 type\nimpl Foo for i32 {\n    fn bar(&self) {}\n}\n\nfn some_func<T: Foo>(foo: T) {\n    foo.bar(); // we can now use this method since i32 implements the\n               // Foo trait\n}\n\nfn main() {\n    some_func(5i32); // ok!\n}\n```\n\nOr in a generic context, an erroneous code example would look like:\n\n```compile_fail,E0277\nfn some_func<T>(foo: T) {\n    println!(\"{:?}\", foo); // error: the trait `core::fmt::Debug` is not\n                           //        implemented for the type `T`\n}\n\nfn main() {\n    // We now call the method with the i32 type,\n    // which *does* implement the Debug trait.\n    some_func(5i32);\n}\n```\n\nNote that the error here is in the definition of the generic function. Although\nwe only call it with a parameter that does implement `Debug`, the compiler\nstill rejects the function. It must work with all possible input types. In\norder to make this example compile, we need to restrict the generic type we're\naccepting:\n\n```\nuse std::fmt;\n\n// Restrict the input type to types that implement Debug.\nfn some_func<T: fmt::Debug>(foo: T) {\n    println!(\"{:?}\", foo);\n}\n\nfn main() {\n    // Calling the method is still fine, as i32 implements Debug.\n    some_func(5i32);\n\n    // This would fail to compile now:\n    // struct WithoutDebug;\n    // some_func(WithoutDebug);\n}\n```\n\nRust only looks at the signature of the called function, as such it must\nalready specify all requirements that will be used for every type parameter.\n"},"level":"error","spans":[{"file_name":"src/bin/show_activities.rs","byte_start":446,"byte_end":450,"line_start":18,"line_end":18,"column_start":10,"column_end":14,"is_primary":true,"text":[{"text":"        .load::<Activity>(&connection)","highlight_start":10,"highlight_end":14}],"label":"the trait `Queryable<diesel::sql_types::Nullable<Date>, _>` is not implemented for `diesel::sql_types::Nullable<Date>`","suggested_replacement":null,"suggestion_applicability":null,"expansion":null}],"children":[{"message":"required because of the requirements on the impl of `Queryable<(Integer, Text, diesel::sql_types::Nullable<Date>, Time, Time), _>` for `(i32, String, diesel::sql_types::Nullable<Date>, Time, Time)`","code":null,"level":"note","spans":[],"children":[],"rendered":null},{"message":"1 redundant requirements hidden","code":null,"level":"note","spans":[],"children":[],"rendered":null},{"message":"required because of the requirements on the impl of `Queryable<(Integer, Text, diesel::sql_types::Nullable<Date>, Time, Time), _>` for `diesel_events::models::Activity`","code":null,"level":"note","spans":[],"children":[],"rendered":null},{"message":"required because of the requirements on the impl of `LoadQuery<_, diesel_events::models::Activity>` for `SelectStatement<table, query_builder::select_clause::DefaultSelectClause, query_builder::distinct_clause::NoDistinctClause, query_builder::where_clause::WhereClause<diesel::expression::operators::Eq<diesel_events::schema::activities::dy, diesel::sql_types::Nullable<Date>>>>`","code":null,"level":"note","spans":[],"children":[],"rendered":null}],"rendered":"\u001b[0m\u001b[1m\u001b[38;5;9merror[E0277]\u001b[0m\u001b[0m\u001b[1m: the trait bound `diesel::sql_types::Nullable<Date>: Queryable<diesel::sql_types::Nullable<Date>, _>` is not satisfied\u001b[0m\n\u001b[0m  \u001b[0m\u001b[0m\u001b[1m\u001b[38;5;12m--> \u001b[0m\u001b[0msrc/bin/show_activities.rs:18:10\u001b[0m\n\u001b[0m   \u001b[0m\u001b[0m\u001b[1m\u001b[38;5;12m|\u001b[0m\n\u001b[0m\u001b[1m\u001b[38;5;12m18\u001b[0m\u001b[0m \u001b[0m\u001b[0m\u001b[1m\u001b[38;5;12m| \u001b[0m\u001b[0m        .load::<Activity>(&connection)\u001b[0m\n\u001b[0m   \u001b[0m\u001b[0m\u001b[1m\u001b[38;5;12m| \u001b[0m\u001b[0m         \u001b[0m\u001b[0m\u001b[1m\u001b[38;5;9m^^^^\u001b[0m\u001b[0m \u001b[0m\u001b[0m\u001b[1m\u001b[38;5;9mthe trait `Queryable<diesel::sql_types::Nullable<Date>, _>` is not implemented for `diesel::sql_types::Nullable<Date>`\u001b[0m\n\u001b[0m   \u001b[0m\u001b[0m\u001b[1m\u001b[38;5;12m|\u001b[0m\n\u001b[0m   \u001b[0m\u001b[0m\u001b[1m\u001b[38;5;12m= \u001b[0m\u001b[0m\u001b[1mnote\u001b[0m\u001b[0m: required because of the requirements on the impl of `Queryable<(Integer, Text, diesel::sql_types::Nullable<Date>, Time, Time), _>` for `(i32, String, diesel::sql_types::Nullable<Date>, Time, Time)`\u001b[0m\n\u001b[0m   \u001b[0m\u001b[0m\u001b[1m\u001b[38;5;12m= \u001b[0m\u001b[0m\u001b[1mnote\u001b[0m\u001b[0m: 1 redundant requirements hidden\u001b[0m\n\u001b[0m   \u001b[0m\u001b[0m\u001b[1m\u001b[38;5;12m= \u001b[0m\u001b[0m\u001b[1mnote\u001b[0m\u001b[0m: required because of the requirements on the impl of `Queryable<(Integer, Text, diesel::sql_types::Nullable<Date>, Time, Time), _>` for `diesel_events::models::Activity`\u001b[0m\n\u001b[0m   \u001b[0m\u001b[0m\u001b[1m\u001b[38;5;12m= \u001b[0m\u001b[0m\u001b[1mnote\u001b[0m\u001b[0m: required because of the requirements on the impl of `LoadQuery<_, diesel_events::models::Activity>` for `SelectStatement<table, query_builder::select_clause::DefaultSelectClause, query_builder::distinct_clause::NoDistinctClause, query_builder::where_clause::WhereClause<diesel::expression::operators::Eq<diesel_events::schema::activities::dy, diesel::sql_types::Nullable<Date>>>>`\u001b[0m\n\n"}
{"message":"the trait bound `Time: Queryable<Time, _>` is not satisfied","code":{"code":"E0277","explanation":"You tried to use a type which doesn't implement some trait in a place which\nexpected that trait.\n\nErroneous code example:\n\n```compile_fail,E0277\n// here we declare the Foo trait with a bar method\ntrait Foo {\n    fn bar(&self);\n}\n\n// we now declare a function which takes an object implementing the Foo trait\nfn some_func<T: Foo>(foo: T) {\n    foo.bar();\n}\n\nfn main() {\n    // we now call the method with the i32 type, which doesn't implement\n    // the Foo trait\n    some_func(5i32); // error: the trait bound `i32 : Foo` is not satisfied\n}\n```\n\nIn order to fix this error, verify that the type you're using does implement\nthe trait. Example:\n\n```\ntrait Foo {\n    fn bar(&self);\n}\n\n// we implement the trait on the i32 type\nimpl Foo for i32 {\n    fn bar(&self) {}\n}\n\nfn some_func<T: Foo>(foo: T) {\n    foo.bar(); // we can now use this method since i32 implements the\n               // Foo trait\n}\n\nfn main() {\n    some_func(5i32); // ok!\n}\n```\n\nOr in a generic context, an erroneous code example would look like:\n\n```compile_fail,E0277\nfn some_func<T>(foo: T) {\n    println!(\"{:?}\", foo); // error: the trait `core::fmt::Debug` is not\n                           //        implemented for the type `T`\n}\n\nfn main() {\n    // We now call the method with the i32 type,\n    // which *does* implement the Debug trait.\n    some_func(5i32);\n}\n```\n\nNote that the error here is in the definition of the generic function. Although\nwe only call it with a parameter that does implement `Debug`, the compiler\nstill rejects the function. It must work with all possible input types. In\norder to make this example compile, we need to restrict the generic type we're\naccepting:\n\n```\nuse std::fmt;\n\n// Restrict the input type to types that implement Debug.\nfn some_func<T: fmt::Debug>(foo: T) {\n    println!(\"{:?}\", foo);\n}\n\nfn main() {\n    // Calling the method is still fine, as i32 implements Debug.\n    some_func(5i32);\n\n    // This would fail to compile now:\n    // struct WithoutDebug;\n    // some_func(WithoutDebug);\n}\n```\n\nRust only looks at the signature of the called function, as such it must\nalready specify all requirements that will be used for every type parameter.\n"},"level":"error","spans":[{"file_name":"src/bin/show_activities.rs","byte_start":446,"byte_end":450,"line_start":18,"line_end":18,"column_start":10,"column_end":14,"is_primary":true,"text":[{"text":"        .load::<Activity>(&connection)","highlight_start":10,"highlight_end":14}],"label":"the trait `Queryable<Time, _>` is not implemented for `Time`","suggested_replacement":null,"suggestion_applicability":null,"expansion":null}],"children":[{"message":"required because of the requirements on the impl of `Queryable<(Integer, Text, diesel::sql_types::Nullable<Date>, Time, Time), _>` for `(i32, String, diesel::sql_types::Nullable<Date>, Time, Time)`","code":null,"level":"note","spans":[],"children":[],"rendered":null},{"message":"1 redundant requirements hidden","code":null,"level":"note","spans":[],"children":[],"rendered":null},{"message":"required because of the requirements on the impl of `Queryable<(Integer, Text, diesel::sql_types::Nullable<Date>, Time, Time), _>` for `diesel_events::models::Activity`","code":null,"level":"note","spans":[],"children":[],"rendered":null},{"message":"required because of the requirements on the impl of `LoadQuery<_, diesel_events::models::Activity>` for `SelectStatement<table, query_builder::select_clause::DefaultSelectClause, query_builder::distinct_clause::NoDistinctClause, query_builder::where_clause::WhereClause<diesel::expression::operators::Eq<diesel_events::schema::activities::dy, diesel::sql_types::Nullable<Date>>>>`","code":null,"level":"note","spans":[],"children":[],"rendered":null}],"rendered":"\u001b[0m\u001b[1m\u001b[38;5;9merror[E0277]\u001b[0m\u001b[0m\u001b[1m: the trait bound `Time: Queryable<Time, _>` is not satisfied\u001b[0m\n\u001b[0m  \u001b[0m\u001b[0m\u001b[1m\u001b[38;5;12m--> \u001b[0m\u001b[0msrc/bin/show_activities.rs:18:10\u001b[0m\n\u001b[0m   \u001b[0m\u001b[0m\u001b[1m\u001b[38;5;12m|\u001b[0m\n\u001b[0m\u001b[1m\u001b[38;5;12m18\u001b[0m\u001b[0m \u001b[0m\u001b[0m\u001b[1m\u001b[38;5;12m| \u001b[0m\u001b[0m        .load::<Activity>(&connection)\u001b[0m\n\u001b[0m   \u001b[0m\u001b[0m\u001b[1m\u001b[38;5;12m| \u001b[0m\u001b[0m         \u001b[0m\u001b[0m\u001b[1m\u001b[38;5;9m^^^^\u001b[0m\u001b[0m \u001b[0m\u001b[0m\u001b[1m\u001b[38;5;9mthe trait `Queryable<Time, _>` is not implemented for `Time`\u001b[0m\n\u001b[0m   \u001b[0m\u001b[0m\u001b[1m\u001b[38;5;12m|\u001b[0m\n\u001b[0m   \u001b[0m\u001b[0m\u001b[1m\u001b[38;5;12m= \u001b[0m\u001b[0m\u001b[1mnote\u001b[0m\u001b[0m: required because of the requirements on the impl of `Queryable<(Integer, Text, diesel::sql_types::Nullable<Date>, Time, Time), _>` for `(i32, String, diesel::sql_types::Nullable<Date>, Time, Time)`\u001b[0m\n\u001b[0m   \u001b[0m\u001b[0m\u001b[1m\u001b[38;5;12m= \u001b[0m\u001b[0m\u001b[1mnote\u001b[0m\u001b[0m: 1 redundant requirements hidden\u001b[0m\n\u001b[0m   \u001b[0m\u001b[0m\u001b[1m\u001b[38;5;12m= \u001b[0m\u001b[0m\u001b[1mnote\u001b[0m\u001b[0m: required because of the requirements on the impl of `Queryable<(Integer, Text, diesel::sql_types::Nullable<Date>, Time, Time), _>` for `diesel_events::models::Activity`\u001b[0m\n\u001b[0m   \u001b[0m\u001b[0m\u001b[1m\u001b[38;5;12m= \u001b[0m\u001b[0m\u001b[1mnote\u001b[0m\u001b[0m: required because of the requirements on the impl of `LoadQuery<_, diesel_events::models::Activity>` for `SelectStatement<table, query_builder::select_clause::DefaultSelectClause, query_builder::distinct_clause::NoDistinctClause, query_builder::where_clause::WhereClause<diesel::expression::operators::Eq<diesel_events::schema::activities::dy, diesel::sql_types::Nullable<Date>>>>`\u001b[0m\n\n"}
{"message":"the trait bound `diesel::sql_types::Nullable<Date>: QueryFragment<_>` is not satisfied","code":{"code":"E0277","explanation":"You tried to use a type which doesn't implement some trait in a place which\nexpected that trait.\n\nErroneous code example:\n\n```compile_fail,E0277\n// here we declare the Foo trait with a bar method\ntrait Foo {\n    fn bar(&self);\n}\n\n// we now declare a function which takes an object implementing the Foo trait\nfn some_func<T: Foo>(foo: T) {\n    foo.bar();\n}\n\nfn main() {\n    // we now call the method with the i32 type, which doesn't implement\n    // the Foo trait\n    some_func(5i32); // error: the trait bound `i32 : Foo` is not satisfied\n}\n```\n\nIn order to fix this error, verify that the type you're using does implement\nthe trait. Example:\n\n```\ntrait Foo {\n    fn bar(&self);\n}\n\n// we implement the trait on the i32 type\nimpl Foo for i32 {\n    fn bar(&self) {}\n}\n\nfn some_func<T: Foo>(foo: T) {\n    foo.bar(); // we can now use this method since i32 implements the\n               // Foo trait\n}\n\nfn main() {\n    some_func(5i32); // ok!\n}\n```\n\nOr in a generic context, an erroneous code example would look like:\n\n```compile_fail,E0277\nfn some_func<T>(foo: T) {\n    println!(\"{:?}\", foo); // error: the trait `core::fmt::Debug` is not\n                           //        implemented for the type `T`\n}\n\nfn main() {\n    // We now call the method with the i32 type,\n    // which *does* implement the Debug trait.\n    some_func(5i32);\n}\n```\n\nNote that the error here is in the definition of the generic function. Although\nwe only call it with a parameter that does implement `Debug`, the compiler\nstill rejects the function. It must work with all possible input types. In\norder to make this example compile, we need to restrict the generic type we're\naccepting:\n\n```\nuse std::fmt;\n\n// Restrict the input type to types that implement Debug.\nfn some_func<T: fmt::Debug>(foo: T) {\n    println!(\"{:?}\", foo);\n}\n\nfn main() {\n    // Calling the method is still fine, as i32 implements Debug.\n    some_func(5i32);\n\n    // This would fail to compile now:\n    // struct WithoutDebug;\n    // some_func(WithoutDebug);\n}\n```\n\nRust only looks at the signature of the called function, as such it must\nalready specify all requirements that will be used for every type parameter.\n"},"level":"error","spans":[{"file_name":"src/bin/show_activities.rs","byte_start":446,"byte_end":450,"line_start":18,"line_end":18,"column_start":10,"column_end":14,"is_primary":true,"text":[{"text":"        .load::<Activity>(&connection)","highlight_start":10,"highlight_end":14}],"label":"the trait `QueryFragment<_>` is not implemented for `diesel::sql_types::Nullable<Date>`","suggested_replacement":null,"suggestion_applicability":null,"expansion":null}],"children":[{"message":"required because of the requirements on the impl of `QueryFragment<_>` for `diesel::expression::operators::Eq<diesel_events::schema::activities::dy, diesel::sql_types::Nullable<Date>>`","code":null,"level":"note","spans":[],"children":[],"rendered":null},{"message":"2 redundant requirements hidden","code":null,"level":"note","spans":[],"children":[],"rendered":null},{"message":"required because of the requirements on the impl of `QueryFragment<_>` for `SelectStatement<table, query_builder::select_clause::DefaultSelectClause, query_builder::distinct_clause::NoDistinctClause, query_builder::where_clause::WhereClause<diesel::expression::operators::Eq<diesel_events::schema::activities::dy, diesel::sql_types::Nullable<Date>>>>`","code":null,"level":"note","spans":[],"children":[],"rendered":null},{"message":"required because of the requirements on the impl of `LoadQuery<_, diesel_events::models::Activity>` for `SelectStatement<table, query_builder::select_clause::DefaultSelectClause, query_builder::distinct_clause::NoDistinctClause, query_builder::where_clause::WhereClause<diesel::expression::operators::Eq<diesel_events::schema::activities::dy, diesel::sql_types::Nullable<Date>>>>`","code":null,"level":"note","spans":[],"children":[],"rendered":null}],"rendered":"\u001b[0m\u001b[1m\u001b[38;5;9merror[E0277]\u001b[0m\u001b[0m\u001b[1m: the trait bound `diesel::sql_types::Nullable<Date>: QueryFragment<_>` is not satisfied\u001b[0m\n\u001b[0m  \u001b[0m\u001b[0m\u001b[1m\u001b[38;5;12m--> \u001b[0m\u001b[0msrc/bin/show_activities.rs:18:10\u001b[0m\n\u001b[0m   \u001b[0m\u001b[0m\u001b[1m\u001b[38;5;12m|\u001b[0m\n\u001b[0m\u001b[1m\u001b[38;5;12m18\u001b[0m\u001b[0m \u001b[0m\u001b[0m\u001b[1m\u001b[38;5;12m| \u001b[0m\u001b[0m        .load::<Activity>(&connection)\u001b[0m\n\u001b[0m   \u001b[0m\u001b[0m\u001b[1m\u001b[38;5;12m| \u001b[0m\u001b[0m         \u001b[0m\u001b[0m\u001b[1m\u001b[38;5;9m^^^^\u001b[0m\u001b[0m \u001b[0m\u001b[0m\u001b[1m\u001b[38;5;9mthe trait `QueryFragment<_>` is not implemented for `diesel::sql_types::Nullable<Date>`\u001b[0m\n\u001b[0m   \u001b[0m\u001b[0m\u001b[1m\u001b[38;5;12m|\u001b[0m\n\u001b[0m   \u001b[0m\u001b[0m\u001b[1m\u001b[38;5;12m= \u001b[0m\u001b[0m\u001b[1mnote\u001b[0m\u001b[0m: required because of the requirements on the impl of `QueryFragment<_>` for `diesel::expression::operators::Eq<diesel_events::schema::activities::dy, diesel::sql_types::Nullable<Date>>`\u001b[0m\n\u001b[0m   \u001b[0m\u001b[0m\u001b[1m\u001b[38;5;12m= \u001b[0m\u001b[0m\u001b[1mnote\u001b[0m\u001b[0m: 2 redundant requirements hidden\u001b[0m\n\u001b[0m   \u001b[0m\u001b[0m\u001b[1m\u001b[38;5;12m= \u001b[0m\u001b[0m\u001b[1mnote\u001b[0m\u001b[0m: required because of the requirements on the impl of `QueryFragment<_>` for `SelectStatement<table, query_builder::select_clause::DefaultSelectClause, query_builder::distinct_clause::NoDistinctClause, query_builder::where_clause::WhereClause<diesel::expression::operators::Eq<diesel_events::schema::activities::dy, diesel::sql_types::Nullable<Date>>>>`\u001b[0m\n\u001b[0m   \u001b[0m\u001b[0m\u001b[1m\u001b[38;5;12m= \u001b[0m\u001b[0m\u001b[1mnote\u001b[0m\u001b[0m: required because of the requirements on the impl of `LoadQuery<_, diesel_events::models::Activity>` for `SelectStatement<table, query_builder::select_clause::DefaultSelectClause, query_builder::distinct_clause::NoDistinctClause, query_builder::where_clause::WhereClause<diesel::expression::operators::Eq<diesel_events::schema::activities::dy, diesel::sql_types::Nullable<Date>>>>`\u001b[0m\n\n"}
{"message":"non-primitive cast: `&String` as `diesel::sql_types::Nullable<Date>`","code":{"code":"E0605","explanation":"An invalid cast was attempted.\n\nErroneous code examples:\n\n```compile_fail,E0605\nlet x = 0u8;\nx as Vec<u8>; // error: non-primitive cast: `u8` as `std::vec::Vec<u8>`\n\n// Another example\n\nlet v = core::ptr::null::<u8>(); // So here, `v` is a `*const u8`.\nv as &u8; // error: non-primitive cast: `*const u8` as `&u8`\n```\n\nOnly primitive types can be cast into each other. Examples:\n\n```\nlet x = 0u8;\nx as u32; // ok!\n\nlet v = core::ptr::null::<u8>();\nv as *const i8; // ok!\n```\n\nFor more information about casts, take a look at the Type cast section in\n[The Reference Book][1].\n\n[1]: https://doc.rust-lang.org/reference/expressions/operator-expr.html#type-cast-expressions\n"},"level":"error","spans":[{"file_name":"src/bin/show_activities.rs","byte_start":408,"byte_end":434,"line_start":17,"line_end":17,"column_start":43,"column_end":69,"is_primary":true,"text":[{"text":"    let results = activities.filter(dy.eq(&args[0] as Nullable<Date>))","highlight_start":43,"highlight_end":69}],"label":"an `as` expression can only be used to convert between primitive types or to coerce to a specific trait object","suggested_replacement":null,"suggestion_applicability":null,"expansion":null}],"children":[],"rendered":"\u001b[0m\u001b[1m\u001b[38;5;9merror[E0605]\u001b[0m\u001b[0m\u001b[1m: non-primitive cast: `&String` as `diesel::sql_types::Nullable<Date>`\u001b[0m\n\u001b[0m  \u001b[0m\u001b[0m\u001b[1m\u001b[38;5;12m--> \u001b[0m\u001b[0msrc/bin/show_activities.rs:17:43\u001b[0m\n\u001b[0m   \u001b[0m\u001b[0m\u001b[1m\u001b[38;5;12m|\u001b[0m\n\u001b[0m\u001b[1m\u001b[38;5;12m17\u001b[0m\u001b[0m \u001b[0m\u001b[0m\u001b[1m\u001b[38;5;12m| \u001b[0m\u001b[0m    let results = activities.filter(dy.eq(&args[0] as Nullable<Date>))\u001b[0m\n\u001b[0m   \u001b[0m\u001b[0m\u001b[1m\u001b[38;5;12m| \u001b[0m\u001b[0m                                          \u001b[0m\u001b[0m\u001b[1m\u001b[38;5;9m^^^^^^^^^^^^^^^^^^^^^^^^^^\u001b[0m\u001b[0m \u001b[0m\u001b[0m\u001b[1m\u001b[38;5;9man `as` expression can only be used to convert between primitive types or to coerce to a specific trait object\u001b[0m\n\n"}
{"message":"aborting due to 8 previous errors","code":null,"level":"error","spans":[],"children":[],"rendered":"\u001b[0m\u001b[1m\u001b[38;5;9merror\u001b[0m\u001b[0m\u001b[1m: aborting due to 8 previous errors\u001b[0m\n\n"}
{"message":"Some errors have detailed explanations: E0277, E0605.","code":null,"level":"failure-note","spans":[],"children":[],"rendered":"\u001b[0m\u001b[1mSome errors have detailed explanations: E0277, E0605.\u001b[0m\n"}
{"message":"For more information about an error, try `rustc --explain E0277`.","code":null,"level":"failure-note","spans":[],"children":[],"rendered":"\u001b[0m\u001b[1mFor more information about an error, try `rustc --explain E0277`.\u001b[0m\n"}
